<?xml version="1.0" encoding="UTF-8"?>
<testsuite xmlns:xsi="http://www.w3.org/2001/XMLSchema-instance" xsi:noNamespaceSchemaLocation="https://maven.apache.org/surefire/maven-surefire-plugin/xsd/surefire-test-report-3.0.xsd" version="3.0" name="com.tenpo.challenge.service.PercentageCalculatorServiceTest" time="1.514" tests="2" errors="0" skipped="0" failures="0">
  <properties>
    <property name="java.specification.version" value="18"/>
    <property name="sun.jnu.encoding" value="UTF-8"/>
    <property name="java.class.path" value="/Users/fvila/workspace/tenpo-challenge/target/test-classes:/Users/fvila/workspace/tenpo-challenge/target/classes:/Users/fvila/.m2/repository/org/springframework/boot/spring-boot-starter-data-jpa/3.1.2/spring-boot-starter-data-jpa-3.1.2.jar:/Users/fvila/.m2/repository/org/springframework/boot/spring-boot-starter-aop/3.1.2/spring-boot-starter-aop-3.1.2.jar:/Users/fvila/.m2/repository/org/springframework/spring-aop/6.0.11/spring-aop-6.0.11.jar:/Users/fvila/.m2/repository/org/aspectj/aspectjweaver/1.9.19/aspectjweaver-1.9.19.jar:/Users/fvila/.m2/repository/org/springframework/boot/spring-boot-starter-jdbc/3.1.2/spring-boot-starter-jdbc-3.1.2.jar:/Users/fvila/.m2/repository/com/zaxxer/HikariCP/5.0.1/HikariCP-5.0.1.jar:/Users/fvila/.m2/repository/org/springframework/spring-jdbc/6.0.11/spring-jdbc-6.0.11.jar:/Users/fvila/.m2/repository/org/hibernate/orm/hibernate-core/6.2.6.Final/hibernate-core-6.2.6.Final.jar:/Users/fvila/.m2/repository/jakarta/persistence/jakarta.persistence-api/3.1.0/jakarta.persistence-api-3.1.0.jar:/Users/fvila/.m2/repository/jakarta/transaction/jakarta.transaction-api/2.0.1/jakarta.transaction-api-2.0.1.jar:/Users/fvila/.m2/repository/org/hibernate/common/hibernate-commons-annotations/6.0.6.Final/hibernate-commons-annotations-6.0.6.Final.jar:/Users/fvila/.m2/repository/io/smallrye/jandex/3.0.5/jandex-3.0.5.jar:/Users/fvila/.m2/repository/net/bytebuddy/byte-buddy/1.14.5/byte-buddy-1.14.5.jar:/Users/fvila/.m2/repository/org/glassfish/jaxb/jaxb-runtime/4.0.3/jaxb-runtime-4.0.3.jar:/Users/fvila/.m2/repository/org/glassfish/jaxb/jaxb-core/4.0.3/jaxb-core-4.0.3.jar:/Users/fvila/.m2/repository/org/eclipse/angus/angus-activation/2.0.1/angus-activation-2.0.1.jar:/Users/fvila/.m2/repository/org/glassfish/jaxb/txw2/4.0.3/txw2-4.0.3.jar:/Users/fvila/.m2/repository/com/sun/istack/istack-commons-runtime/4.1.2/istack-commons-runtime-4.1.2.jar:/Users/fvila/.m2/repository/jakarta/inject/jakarta.inject-api/2.0.1/jakarta.inject-api-2.0.1.jar:/Users/fvila/.m2/repository/org/antlr/antlr4-runtime/4.10.1/antlr4-runtime-4.10.1.jar:/Users/fvila/.m2/repository/org/springframework/data/spring-data-jpa/3.1.2/spring-data-jpa-3.1.2.jar:/Users/fvila/.m2/repository/org/springframework/data/spring-data-commons/3.1.2/spring-data-commons-3.1.2.jar:/Users/fvila/.m2/repository/org/springframework/spring-orm/6.0.11/spring-orm-6.0.11.jar:/Users/fvila/.m2/repository/org/springframework/spring-context/6.0.11/spring-context-6.0.11.jar:/Users/fvila/.m2/repository/org/springframework/spring-tx/6.0.11/spring-tx-6.0.11.jar:/Users/fvila/.m2/repository/org/springframework/spring-beans/6.0.11/spring-beans-6.0.11.jar:/Users/fvila/.m2/repository/jakarta/annotation/jakarta.annotation-api/2.1.1/jakarta.annotation-api-2.1.1.jar:/Users/fvila/.m2/repository/org/springframework/spring-aspects/6.0.11/spring-aspects-6.0.11.jar:/Users/fvila/.m2/repository/org/springframework/boot/spring-boot-starter-validation/3.1.2/spring-boot-starter-validation-3.1.2.jar:/Users/fvila/.m2/repository/org/springframework/boot/spring-boot-starter/3.1.2/spring-boot-starter-3.1.2.jar:/Users/fvila/.m2/repository/org/springframework/boot/spring-boot-autoconfigure/3.1.2/spring-boot-autoconfigure-3.1.2.jar:/Users/fvila/.m2/repository/org/springframework/boot/spring-boot-starter-logging/3.1.2/spring-boot-starter-logging-3.1.2.jar:/Users/fvila/.m2/repository/ch/qos/logback/logback-classic/1.4.8/logback-classic-1.4.8.jar:/Users/fvila/.m2/repository/ch/qos/logback/logback-core/1.4.8/logback-core-1.4.8.jar:/Users/fvila/.m2/repository/org/apache/logging/log4j/log4j-to-slf4j/2.20.0/log4j-to-slf4j-2.20.0.jar:/Users/fvila/.m2/repository/org/apache/logging/log4j/log4j-api/2.20.0/log4j-api-2.20.0.jar:/Users/fvila/.m2/repository/org/slf4j/jul-to-slf4j/2.0.7/jul-to-slf4j-2.0.7.jar:/Users/fvila/.m2/repository/org/yaml/snakeyaml/1.33/snakeyaml-1.33.jar:/Users/fvila/.m2/repository/org/apache/tomcat/embed/tomcat-embed-el/10.1.11/tomcat-embed-el-10.1.11.jar:/Users/fvila/.m2/repository/org/springframework/boot/spring-boot-starter-web/3.1.2/spring-boot-starter-web-3.1.2.jar:/Users/fvila/.m2/repository/org/springframework/boot/spring-boot-starter-json/3.1.2/spring-boot-starter-json-3.1.2.jar:/Users/fvila/.m2/repository/com/fasterxml/jackson/datatype/jackson-datatype-jdk8/2.15.2/jackson-datatype-jdk8-2.15.2.jar:/Users/fvila/.m2/repository/org/springframework/boot/spring-boot-starter-tomcat/3.1.2/spring-boot-starter-tomcat-3.1.2.jar:/Users/fvila/.m2/repository/org/apache/tomcat/embed/tomcat-embed-core/10.1.11/tomcat-embed-core-10.1.11.jar:/Users/fvila/.m2/repository/org/apache/tomcat/embed/tomcat-embed-websocket/10.1.11/tomcat-embed-websocket-10.1.11.jar:/Users/fvila/.m2/repository/org/springframework/spring-web/6.0.11/spring-web-6.0.11.jar:/Users/fvila/.m2/repository/io/micrometer/micrometer-observation/1.11.2/micrometer-observation-1.11.2.jar:/Users/fvila/.m2/repository/io/micrometer/micrometer-commons/1.11.2/micrometer-commons-1.11.2.jar:/Users/fvila/.m2/repository/org/springframework/spring-webmvc/6.0.11/spring-webmvc-6.0.11.jar:/Users/fvila/.m2/repository/org/springframework/spring-expression/6.0.11/spring-expression-6.0.11.jar:/Users/fvila/.m2/repository/org/springframework/boot/spring-boot-starter-webflux/3.1.2/spring-boot-starter-webflux-3.1.2.jar:/Users/fvila/.m2/repository/org/springframework/boot/spring-boot-starter-reactor-netty/3.1.2/spring-boot-starter-reactor-netty-3.1.2.jar:/Users/fvila/.m2/repository/io/projectreactor/netty/reactor-netty-http/1.1.9/reactor-netty-http-1.1.9.jar:/Users/fvila/.m2/repository/io/netty/netty-resolver-dns/4.1.94.Final/netty-resolver-dns-4.1.94.Final.jar:/Users/fvila/.m2/repository/io/netty/netty-codec-dns/4.1.94.Final/netty-codec-dns-4.1.94.Final.jar:/Users/fvila/.m2/repository/io/netty/netty-resolver-dns-native-macos/4.1.94.Final/netty-resolver-dns-native-macos-4.1.94.Final-osx-x86_64.jar:/Users/fvila/.m2/repository/io/netty/netty-resolver-dns-classes-macos/4.1.94.Final/netty-resolver-dns-classes-macos-4.1.94.Final.jar:/Users/fvila/.m2/repository/io/netty/netty-transport-native-epoll/4.1.94.Final/netty-transport-native-epoll-4.1.94.Final-linux-x86_64.jar:/Users/fvila/.m2/repository/io/netty/netty-transport-classes-epoll/4.1.94.Final/netty-transport-classes-epoll-4.1.94.Final.jar:/Users/fvila/.m2/repository/io/projectreactor/netty/reactor-netty-core/1.1.9/reactor-netty-core-1.1.9.jar:/Users/fvila/.m2/repository/org/springframework/spring-webflux/6.0.11/spring-webflux-6.0.11.jar:/Users/fvila/.m2/repository/org/springframework/boot/spring-boot-docker-compose/3.1.2/spring-boot-docker-compose-3.1.2.jar:/Users/fvila/.m2/repository/org/springframework/boot/spring-boot/3.1.2/spring-boot-3.1.2.jar:/Users/fvila/.m2/repository/com/fasterxml/jackson/core/jackson-databind/2.15.2/jackson-databind-2.15.2.jar:/Users/fvila/.m2/repository/com/fasterxml/jackson/module/jackson-module-parameter-names/2.15.2/jackson-module-parameter-names-2.15.2.jar:/Users/fvila/.m2/repository/org/postgresql/postgresql/42.6.0/postgresql-42.6.0.jar:/Users/fvila/.m2/repository/org/checkerframework/checker-qual/3.31.0/checker-qual-3.31.0.jar:/Users/fvila/.m2/repository/org/projectlombok/lombok/1.18.28/lombok-1.18.28.jar:/Users/fvila/.m2/repository/org/springframework/boot/spring-boot-starter-test/3.1.2/spring-boot-starter-test-3.1.2.jar:/Users/fvila/.m2/repository/org/springframework/boot/spring-boot-test/3.1.2/spring-boot-test-3.1.2.jar:/Users/fvila/.m2/repository/org/springframework/boot/spring-boot-test-autoconfigure/3.1.2/spring-boot-test-autoconfigure-3.1.2.jar:/Users/fvila/.m2/repository/com/jayway/jsonpath/json-path/2.8.0/json-path-2.8.0.jar:/Users/fvila/.m2/repository/jakarta/xml/bind/jakarta.xml.bind-api/4.0.0/jakarta.xml.bind-api-4.0.0.jar:/Users/fvila/.m2/repository/jakarta/activation/jakarta.activation-api/2.1.2/jakarta.activation-api-2.1.2.jar:/Users/fvila/.m2/repository/net/minidev/json-smart/2.4.11/json-smart-2.4.11.jar:/Users/fvila/.m2/repository/net/minidev/accessors-smart/2.4.11/accessors-smart-2.4.11.jar:/Users/fvila/.m2/repository/org/ow2/asm/asm/9.3/asm-9.3.jar:/Users/fvila/.m2/repository/org/assertj/assertj-core/3.24.2/assertj-core-3.24.2.jar:/Users/fvila/.m2/repository/org/hamcrest/hamcrest/2.2/hamcrest-2.2.jar:/Users/fvila/.m2/repository/org/junit/jupiter/junit-jupiter/5.9.3/junit-jupiter-5.9.3.jar:/Users/fvila/.m2/repository/org/junit/jupiter/junit-jupiter-api/5.9.3/junit-jupiter-api-5.9.3.jar:/Users/fvila/.m2/repository/org/opentest4j/opentest4j/1.2.0/opentest4j-1.2.0.jar:/Users/fvila/.m2/repository/org/junit/platform/junit-platform-commons/1.9.3/junit-platform-commons-1.9.3.jar:/Users/fvila/.m2/repository/org/apiguardian/apiguardian-api/1.1.2/apiguardian-api-1.1.2.jar:/Users/fvila/.m2/repository/org/junit/jupiter/junit-jupiter-params/5.9.3/junit-jupiter-params-5.9.3.jar:/Users/fvila/.m2/repository/org/junit/jupiter/junit-jupiter-engine/5.9.3/junit-jupiter-engine-5.9.3.jar:/Users/fvila/.m2/repository/org/junit/platform/junit-platform-engine/1.9.3/junit-platform-engine-1.9.3.jar:/Users/fvila/.m2/repository/org/mockito/mockito-core/5.3.1/mockito-core-5.3.1.jar:/Users/fvila/.m2/repository/net/bytebuddy/byte-buddy-agent/1.14.5/byte-buddy-agent-1.14.5.jar:/Users/fvila/.m2/repository/org/objenesis/objenesis/3.3/objenesis-3.3.jar:/Users/fvila/.m2/repository/org/mockito/mockito-junit-jupiter/5.3.1/mockito-junit-jupiter-5.3.1.jar:/Users/fvila/.m2/repository/org/skyscreamer/jsonassert/1.5.1/jsonassert-1.5.1.jar:/Users/fvila/.m2/repository/com/vaadin/external/google/android-json/0.0.20131108.vaadin1/android-json-0.0.20131108.vaadin1.jar:/Users/fvila/.m2/repository/org/springframework/spring-core/6.0.11/spring-core-6.0.11.jar:/Users/fvila/.m2/repository/org/springframework/spring-jcl/6.0.11/spring-jcl-6.0.11.jar:/Users/fvila/.m2/repository/org/springframework/spring-test/6.0.11/spring-test-6.0.11.jar:/Users/fvila/.m2/repository/org/xmlunit/xmlunit-core/2.9.1/xmlunit-core-2.9.1.jar:/Users/fvila/.m2/repository/io/projectreactor/reactor-test/3.5.8/reactor-test-3.5.8.jar:/Users/fvila/.m2/repository/io/projectreactor/reactor-core/3.5.8/reactor-core-3.5.8.jar:/Users/fvila/.m2/repository/org/reactivestreams/reactive-streams/1.0.4/reactive-streams-1.0.4.jar:/Users/fvila/.m2/repository/org/mock-server/mockserver-netty/5.15.0/mockserver-netty-5.15.0.jar:/Users/fvila/.m2/repository/org/mock-server/mockserver-core/5.15.0/mockserver-core-5.15.0.jar:/Users/fvila/.m2/repository/com/lmax/disruptor/3.4.4/disruptor-3.4.4.jar:/Users/fvila/.m2/repository/javax/servlet/javax.servlet-api/4.0.1/javax.servlet-api-4.0.1.jar:/Users/fvila/.m2/repository/io/netty/netty-codec-socks/4.1.94.Final/netty-codec-socks-4.1.94.Final.jar:/Users/fvila/.m2/repository/io/netty/netty-handler-proxy/4.1.94.Final/netty-handler-proxy-4.1.94.Final.jar:/Users/fvila/.m2/repository/com/jcraft/jzlib/1.1.3/jzlib-1.1.3.jar:/Users/fvila/.m2/repository/com/fasterxml/uuid/java-uuid-generator/4.1.0/java-uuid-generator-4.1.0.jar:/Users/fvila/.m2/repository/org/bouncycastle/bcprov-jdk18on/1.72/bcprov-jdk18on-1.72.jar:/Users/fvila/.m2/repository/org/bouncycastle/bcpkix-jdk18on/1.72/bcpkix-jdk18on-1.72.jar:/Users/fvila/.m2/repository/org/bouncycastle/bcutil-jdk18on/1.72/bcutil-jdk18on-1.72.jar:/Users/fvila/.m2/repository/com/nimbusds/nimbus-jose-jwt/9.28/nimbus-jose-jwt-9.28.jar:/Users/fvila/.m2/repository/com/github/stephenc/jcip/jcip-annotations/1.0-1/jcip-annotations-1.0-1.jar:/Users/fvila/.m2/repository/org/apache/velocity/velocity-engine-scripting/2.3/velocity-engine-scripting-2.3.jar:/Users/fvila/.m2/repository/org/apache/velocity/velocity-engine-core/2.3/velocity-engine-core-2.3.jar:/Users/fvila/.m2/repository/org/apache/velocity/tools/velocity-tools-generic/3.1/velocity-tools-generic-3.1.jar:/Users/fvila/.m2/repository/commons-beanutils/commons-beanutils/1.9.4/commons-beanutils-1.9.4.jar:/Users/fvila/.m2/repository/commons-logging/commons-logging/1.2/commons-logging-1.2.jar:/Users/fvila/.m2/repository/commons-collections/commons-collections/3.2.2/commons-collections-3.2.2.jar:/Users/fvila/.m2/repository/org/apache/commons/commons-digester3/3.2/commons-digester3-3.2.jar:/Users/fvila/.m2/repository/com/github/cliftonlabs/json-simple/3.0.2/json-simple-3.0.2.jar:/Users/fvila/.m2/repository/com/samskivert/jmustache/1.15/jmustache-1.15.jar:/Users/fvila/.m2/repository/net/javacrumbs/json-unit/json-unit-core/2.36.0/json-unit-core-2.36.0.jar:/Users/fvila/.m2/repository/org/hamcrest/hamcrest-core/2.2/hamcrest-core-2.2.jar:/Users/fvila/.m2/repository/com/networknt/json-schema-validator/1.0.76/json-schema-validator-1.0.76.jar:/Users/fvila/.m2/repository/com/ethlo/time/itu/1.7.0/itu-1.7.0.jar:/Users/fvila/.m2/repository/io/swagger/parser/v3/swagger-parser/2.1.10/swagger-parser-2.1.10.jar:/Users/fvila/.m2/repository/io/swagger/parser/v3/swagger-parser-v2-converter/2.1.10/swagger-parser-v2-converter-2.1.10.jar:/Users/fvila/.m2/repository/io/swagger/swagger-core/1.6.9/swagger-core-1.6.9.jar:/Users/fvila/.m2/repository/io/swagger/swagger-models/1.6.9/swagger-models-1.6.9.jar:/Users/fvila/.m2/repository/io/swagger/swagger-annotations/1.6.9/swagger-annotations-1.6.9.jar:/Users/fvila/.m2/repository/io/swagger/swagger-parser/1.0.64/swagger-parser-1.0.64.jar:/Users/fvila/.m2/repository/io/swagger/swagger-compat-spec-parser/1.0.64/swagger-compat-spec-parser-1.0.64.jar:/Users/fvila/.m2/repository/com/github/java-json-tools/json-schema-validator/2.2.14/json-schema-validator-2.2.14.jar:/Users/fvila/.m2/repository/com/github/java-json-tools/jackson-coreutils-equivalence/1.0/jackson-coreutils-equivalence-1.0.jar:/Users/fvila/.m2/repository/com/github/java-json-tools/json-schema-core/1.2.14/json-schema-core-1.2.14.jar:/Users/fvila/.m2/repository/com/github/java-json-tools/uri-template/0.10/uri-template-0.10.jar:/Users/fvila/.m2/repository/org/mozilla/rhino/1.7.7.2/rhino-1.7.7.2.jar:/Users/fvila/.m2/repository/com/sun/mail/mailapi/1.6.2/mailapi-1.6.2.jar:/Users/fvila/.m2/repository/joda-time/joda-time/2.10.5/joda-time-2.10.5.jar:/Users/fvila/.m2/repository/com/googlecode/libphonenumber/libphonenumber/8.11.1/libphonenumber-8.11.1.jar:/Users/fvila/.m2/repository/net/sf/jopt-simple/jopt-simple/5.0.4/jopt-simple-5.0.4.jar:/Users/fvila/.m2/repository/com/github/java-json-tools/json-patch/1.13/json-patch-1.13.jar:/Users/fvila/.m2/repository/com/github/java-json-tools/msg-simple/1.2/msg-simple-1.2.jar:/Users/fvila/.m2/repository/com/github/java-json-tools/btf/1.3/btf-1.3.jar:/Users/fvila/.m2/repository/com/github/java-json-tools/jackson-coreutils/2.0/jackson-coreutils-2.0.jar:/Users/fvila/.m2/repository/com/github/java-json-tools/jackson-coreutils/jackson-coreutils/2.0/jackson-coreutils-2.0.jar:/Users/fvila/.m2/repository/com/github/java-json-tools/jackson-coreutils/jackson-coreutils-equivalence/2.0/jackson-coreutils-equivalence-2.0.jar:/Users/fvila/.m2/repository/org/apache/httpcomponents/httpclient/4.5.13/httpclient-4.5.13.jar:/Users/fvila/.m2/repository/org/apache/httpcomponents/httpcore/4.4.16/httpcore-4.4.16.jar:/Users/fvila/.m2/repository/io/swagger/core/v3/swagger-models/2.2.8/swagger-models-2.2.8.jar:/Users/fvila/.m2/repository/io/swagger/parser/v3/swagger-parser-core/2.1.10/swagger-parser-core-2.1.10.jar:/Users/fvila/.m2/repository/io/swagger/parser/v3/swagger-parser-v3/2.1.10/swagger-parser-v3-2.1.10.jar:/Users/fvila/.m2/repository/io/swagger/core/v3/swagger-core/2.2.8/swagger-core-2.2.8.jar:/Users/fvila/.m2/repository/io/swagger/core/v3/swagger-annotations/2.2.8/swagger-annotations-2.2.8.jar:/Users/fvila/.m2/repository/com/fasterxml/jackson/dataformat/jackson-dataformat-yaml/2.15.2/jackson-dataformat-yaml-2.15.2.jar:/Users/fvila/.m2/repository/com/sun/xml/bind/jaxb-impl/4.0.3/jaxb-impl-4.0.3.jar:/Users/fvila/.m2/repository/com/sun/xml/bind/jaxb-core/4.0.3/jaxb-core-4.0.3.jar:/Users/fvila/.m2/repository/org/xmlunit/xmlunit-placeholders/2.9.1/xmlunit-placeholders-2.9.1.jar:/Users/fvila/.m2/repository/org/apache/commons/commons-text/1.10.0/commons-text-1.10.0.jar:/Users/fvila/.m2/repository/commons-codec/commons-codec/1.15/commons-codec-1.15.jar:/Users/fvila/.m2/repository/io/github/classgraph/classgraph/4.8.154/classgraph-4.8.154.jar:/Users/fvila/.m2/repository/io/prometheus/simpleclient/0.16.0/simpleclient-0.16.0.jar:/Users/fvila/.m2/repository/io/prometheus/simpleclient_tracer_otel/0.16.0/simpleclient_tracer_otel-0.16.0.jar:/Users/fvila/.m2/repository/io/prometheus/simpleclient_tracer_common/0.16.0/simpleclient_tracer_common-0.16.0.jar:/Users/fvila/.m2/repository/io/prometheus/simpleclient_tracer_otel_agent/0.16.0/simpleclient_tracer_otel_agent-0.16.0.jar:/Users/fvila/.m2/repository/io/prometheus/simpleclient_httpserver/0.16.0/simpleclient_httpserver-0.16.0.jar:/Users/fvila/.m2/repository/io/prometheus/simpleclient_common/0.16.0/simpleclient_common-0.16.0.jar:/Users/fvila/.m2/repository/io/netty/netty-buffer/4.1.94.Final/netty-buffer-4.1.94.Final.jar:/Users/fvila/.m2/repository/io/netty/netty-codec/4.1.94.Final/netty-codec-4.1.94.Final.jar:/Users/fvila/.m2/repository/io/netty/netty-codec-http/4.1.94.Final/netty-codec-http-4.1.94.Final.jar:/Users/fvila/.m2/repository/io/netty/netty-codec-http2/4.1.94.Final/netty-codec-http2-4.1.94.Final.jar:/Users/fvila/.m2/repository/io/netty/netty-common/4.1.94.Final/netty-common-4.1.94.Final.jar:/Users/fvila/.m2/repository/io/netty/netty-handler/4.1.94.Final/netty-handler-4.1.94.Final.jar:/Users/fvila/.m2/repository/io/netty/netty-resolver/4.1.94.Final/netty-resolver-4.1.94.Final.jar:/Users/fvila/.m2/repository/io/netty/netty-transport-native-unix-common/4.1.94.Final/netty-transport-native-unix-common-4.1.94.Final.jar:/Users/fvila/.m2/repository/io/netty/netty-transport/4.1.94.Final/netty-transport-4.1.94.Final.jar:/Users/fvila/.m2/repository/io/netty/netty-tcnative-boringssl-static/2.0.61.Final/netty-tcnative-boringssl-static-2.0.61.Final.jar:/Users/fvila/.m2/repository/io/netty/netty-tcnative-classes/2.0.61.Final/netty-tcnative-classes-2.0.61.Final.jar:/Users/fvila/.m2/repository/io/netty/netty-tcnative-boringssl-static/2.0.61.Final/netty-tcnative-boringssl-static-2.0.61.Final-linux-x86_64.jar:/Users/fvila/.m2/repository/io/netty/netty-tcnative-boringssl-static/2.0.61.Final/netty-tcnative-boringssl-static-2.0.61.Final-linux-aarch_64.jar:/Users/fvila/.m2/repository/io/netty/netty-tcnative-boringssl-static/2.0.61.Final/netty-tcnative-boringssl-static-2.0.61.Final-osx-x86_64.jar:/Users/fvila/.m2/repository/io/netty/netty-tcnative-boringssl-static/2.0.61.Final/netty-tcnative-boringssl-static-2.0.61.Final-osx-aarch_64.jar:/Users/fvila/.m2/repository/io/netty/netty-tcnative-boringssl-static/2.0.61.Final/netty-tcnative-boringssl-static-2.0.61.Final-windows-x86_64.jar:/Users/fvila/.m2/repository/commons-io/commons-io/2.11.0/commons-io-2.11.0.jar:/Users/fvila/.m2/repository/com/google/guava/guava/31.1-jre/guava-31.1-jre.jar:/Users/fvila/.m2/repository/com/google/guava/failureaccess/1.0.1/failureaccess-1.0.1.jar:/Users/fvila/.m2/repository/com/google/guava/listenablefuture/9999.0-empty-to-avoid-conflict-with-guava/listenablefuture-9999.0-empty-to-avoid-conflict-with-guava.jar:/Users/fvila/.m2/repository/com/google/code/findbugs/jsr305/3.0.2/jsr305-3.0.2.jar:/Users/fvila/.m2/repository/com/google/errorprone/error_prone_annotations/2.11.0/error_prone_annotations-2.11.0.jar:/Users/fvila/.m2/repository/com/google/j2objc/j2objc-annotations/1.3/j2objc-annotations-1.3.jar:/Users/fvila/.m2/repository/org/slf4j/slf4j-api/2.0.7/slf4j-api-2.0.7.jar:/Users/fvila/.m2/repository/org/mock-server/mockserver-client-java/5.15.0/mockserver-client-java-5.15.0.jar:/Users/fvila/.m2/repository/org/apache/commons/commons-lang3/3.12.0/commons-lang3-3.12.0.jar:/Users/fvila/.m2/repository/org/springframework/boot/spring-boot-starter-data-redis-reactive/3.1.2/spring-boot-starter-data-redis-reactive-3.1.2.jar:/Users/fvila/.m2/repository/org/springframework/boot/spring-boot-starter-data-redis/3.1.2/spring-boot-starter-data-redis-3.1.2.jar:/Users/fvila/.m2/repository/org/springframework/data/spring-data-redis/3.1.2/spring-data-redis-3.1.2.jar:/Users/fvila/.m2/repository/org/springframework/data/spring-data-keyvalue/3.1.2/spring-data-keyvalue-3.1.2.jar:/Users/fvila/.m2/repository/org/springframework/spring-oxm/6.0.11/spring-oxm-6.0.11.jar:/Users/fvila/.m2/repository/org/springframework/spring-context-support/6.0.11/spring-context-support-6.0.11.jar:/Users/fvila/.m2/repository/io/lettuce/lettuce-core/6.2.5.RELEASE/lettuce-core-6.2.5.RELEASE.jar:/Users/fvila/.m2/repository/com/fasterxml/jackson/datatype/jackson-datatype-jsr310/2.15.2/jackson-datatype-jsr310-2.15.2.jar:/Users/fvila/.m2/repository/com/fasterxml/jackson/core/jackson-annotations/2.15.2/jackson-annotations-2.15.2.jar:/Users/fvila/.m2/repository/com/fasterxml/jackson/core/jackson-core/2.15.2/jackson-core-2.15.2.jar:/Users/fvila/.m2/repository/org/hibernate/validator/hibernate-validator/7.0.1.Final/hibernate-validator-7.0.1.Final.jar:/Users/fvila/.m2/repository/jakarta/validation/jakarta.validation-api/3.0.2/jakarta.validation-api-3.0.2.jar:/Users/fvila/.m2/repository/org/jboss/logging/jboss-logging/3.5.3.Final/jboss-logging-3.5.3.Final.jar:/Users/fvila/.m2/repository/com/fasterxml/classmate/1.5.1/classmate-1.5.1.jar:/Users/fvila/.m2/repository/org/modelmapper/modelmapper/3.1.1/modelmapper-3.1.1.jar:"/>
    <property name="java.vm.vendor" value="Azul Systems, Inc."/>
    <property name="sun.arch.data.model" value="64"/>
    <property name="java.vendor.url" value="http://www.azul.com/"/>
    <property name="user.timezone" value="America/Argentina/Buenos_Aires"/>
    <property name="os.name" value="Mac OS X"/>
    <property name="java.vm.specification.version" value="18"/>
    <property name="sun.java.launcher" value="SUN_STANDARD"/>
    <property name="user.country" value="AR"/>
    <property name="sun.boot.library.path" value="/Users/fvila/.sdkman/candidates/java/18-zulu/zulu-18.jdk/Contents/Home/lib"/>
    <property name="sun.java.command" value="/Users/fvila/workspace/tenpo-challenge/target/surefire/surefirebooter-20230728132528694_3.jar /Users/fvila/workspace/tenpo-challenge/target/surefire 2023-07-28T13-25-28_557-jvmRun1 surefire-20230728132528694_1tmp surefire_0-20230728132528694_2tmp"/>
    <property name="http.nonProxyHosts" value="local|*.local|169.254/16|*.169.254/16"/>
    <property name="jdk.debug" value="release"/>
    <property name="surefire.test.class.path" value="/Users/fvila/workspace/tenpo-challenge/target/test-classes:/Users/fvila/workspace/tenpo-challenge/target/classes:/Users/fvila/.m2/repository/org/springframework/boot/spring-boot-starter-data-jpa/3.1.2/spring-boot-starter-data-jpa-3.1.2.jar:/Users/fvila/.m2/repository/org/springframework/boot/spring-boot-starter-aop/3.1.2/spring-boot-starter-aop-3.1.2.jar:/Users/fvila/.m2/repository/org/springframework/spring-aop/6.0.11/spring-aop-6.0.11.jar:/Users/fvila/.m2/repository/org/aspectj/aspectjweaver/1.9.19/aspectjweaver-1.9.19.jar:/Users/fvila/.m2/repository/org/springframework/boot/spring-boot-starter-jdbc/3.1.2/spring-boot-starter-jdbc-3.1.2.jar:/Users/fvila/.m2/repository/com/zaxxer/HikariCP/5.0.1/HikariCP-5.0.1.jar:/Users/fvila/.m2/repository/org/springframework/spring-jdbc/6.0.11/spring-jdbc-6.0.11.jar:/Users/fvila/.m2/repository/org/hibernate/orm/hibernate-core/6.2.6.Final/hibernate-core-6.2.6.Final.jar:/Users/fvila/.m2/repository/jakarta/persistence/jakarta.persistence-api/3.1.0/jakarta.persistence-api-3.1.0.jar:/Users/fvila/.m2/repository/jakarta/transaction/jakarta.transaction-api/2.0.1/jakarta.transaction-api-2.0.1.jar:/Users/fvila/.m2/repository/org/hibernate/common/hibernate-commons-annotations/6.0.6.Final/hibernate-commons-annotations-6.0.6.Final.jar:/Users/fvila/.m2/repository/io/smallrye/jandex/3.0.5/jandex-3.0.5.jar:/Users/fvila/.m2/repository/net/bytebuddy/byte-buddy/1.14.5/byte-buddy-1.14.5.jar:/Users/fvila/.m2/repository/org/glassfish/jaxb/jaxb-runtime/4.0.3/jaxb-runtime-4.0.3.jar:/Users/fvila/.m2/repository/org/glassfish/jaxb/jaxb-core/4.0.3/jaxb-core-4.0.3.jar:/Users/fvila/.m2/repository/org/eclipse/angus/angus-activation/2.0.1/angus-activation-2.0.1.jar:/Users/fvila/.m2/repository/org/glassfish/jaxb/txw2/4.0.3/txw2-4.0.3.jar:/Users/fvila/.m2/repository/com/sun/istack/istack-commons-runtime/4.1.2/istack-commons-runtime-4.1.2.jar:/Users/fvila/.m2/repository/jakarta/inject/jakarta.inject-api/2.0.1/jakarta.inject-api-2.0.1.jar:/Users/fvila/.m2/repository/org/antlr/antlr4-runtime/4.10.1/antlr4-runtime-4.10.1.jar:/Users/fvila/.m2/repository/org/springframework/data/spring-data-jpa/3.1.2/spring-data-jpa-3.1.2.jar:/Users/fvila/.m2/repository/org/springframework/data/spring-data-commons/3.1.2/spring-data-commons-3.1.2.jar:/Users/fvila/.m2/repository/org/springframework/spring-orm/6.0.11/spring-orm-6.0.11.jar:/Users/fvila/.m2/repository/org/springframework/spring-context/6.0.11/spring-context-6.0.11.jar:/Users/fvila/.m2/repository/org/springframework/spring-tx/6.0.11/spring-tx-6.0.11.jar:/Users/fvila/.m2/repository/org/springframework/spring-beans/6.0.11/spring-beans-6.0.11.jar:/Users/fvila/.m2/repository/jakarta/annotation/jakarta.annotation-api/2.1.1/jakarta.annotation-api-2.1.1.jar:/Users/fvila/.m2/repository/org/springframework/spring-aspects/6.0.11/spring-aspects-6.0.11.jar:/Users/fvila/.m2/repository/org/springframework/boot/spring-boot-starter-validation/3.1.2/spring-boot-starter-validation-3.1.2.jar:/Users/fvila/.m2/repository/org/springframework/boot/spring-boot-starter/3.1.2/spring-boot-starter-3.1.2.jar:/Users/fvila/.m2/repository/org/springframework/boot/spring-boot-autoconfigure/3.1.2/spring-boot-autoconfigure-3.1.2.jar:/Users/fvila/.m2/repository/org/springframework/boot/spring-boot-starter-logging/3.1.2/spring-boot-starter-logging-3.1.2.jar:/Users/fvila/.m2/repository/ch/qos/logback/logback-classic/1.4.8/logback-classic-1.4.8.jar:/Users/fvila/.m2/repository/ch/qos/logback/logback-core/1.4.8/logback-core-1.4.8.jar:/Users/fvila/.m2/repository/org/apache/logging/log4j/log4j-to-slf4j/2.20.0/log4j-to-slf4j-2.20.0.jar:/Users/fvila/.m2/repository/org/apache/logging/log4j/log4j-api/2.20.0/log4j-api-2.20.0.jar:/Users/fvila/.m2/repository/org/slf4j/jul-to-slf4j/2.0.7/jul-to-slf4j-2.0.7.jar:/Users/fvila/.m2/repository/org/yaml/snakeyaml/1.33/snakeyaml-1.33.jar:/Users/fvila/.m2/repository/org/apache/tomcat/embed/tomcat-embed-el/10.1.11/tomcat-embed-el-10.1.11.jar:/Users/fvila/.m2/repository/org/springframework/boot/spring-boot-starter-web/3.1.2/spring-boot-starter-web-3.1.2.jar:/Users/fvila/.m2/repository/org/springframework/boot/spring-boot-starter-json/3.1.2/spring-boot-starter-json-3.1.2.jar:/Users/fvila/.m2/repository/com/fasterxml/jackson/datatype/jackson-datatype-jdk8/2.15.2/jackson-datatype-jdk8-2.15.2.jar:/Users/fvila/.m2/repository/org/springframework/boot/spring-boot-starter-tomcat/3.1.2/spring-boot-starter-tomcat-3.1.2.jar:/Users/fvila/.m2/repository/org/apache/tomcat/embed/tomcat-embed-core/10.1.11/tomcat-embed-core-10.1.11.jar:/Users/fvila/.m2/repository/org/apache/tomcat/embed/tomcat-embed-websocket/10.1.11/tomcat-embed-websocket-10.1.11.jar:/Users/fvila/.m2/repository/org/springframework/spring-web/6.0.11/spring-web-6.0.11.jar:/Users/fvila/.m2/repository/io/micrometer/micrometer-observation/1.11.2/micrometer-observation-1.11.2.jar:/Users/fvila/.m2/repository/io/micrometer/micrometer-commons/1.11.2/micrometer-commons-1.11.2.jar:/Users/fvila/.m2/repository/org/springframework/spring-webmvc/6.0.11/spring-webmvc-6.0.11.jar:/Users/fvila/.m2/repository/org/springframework/spring-expression/6.0.11/spring-expression-6.0.11.jar:/Users/fvila/.m2/repository/org/springframework/boot/spring-boot-starter-webflux/3.1.2/spring-boot-starter-webflux-3.1.2.jar:/Users/fvila/.m2/repository/org/springframework/boot/spring-boot-starter-reactor-netty/3.1.2/spring-boot-starter-reactor-netty-3.1.2.jar:/Users/fvila/.m2/repository/io/projectreactor/netty/reactor-netty-http/1.1.9/reactor-netty-http-1.1.9.jar:/Users/fvila/.m2/repository/io/netty/netty-resolver-dns/4.1.94.Final/netty-resolver-dns-4.1.94.Final.jar:/Users/fvila/.m2/repository/io/netty/netty-codec-dns/4.1.94.Final/netty-codec-dns-4.1.94.Final.jar:/Users/fvila/.m2/repository/io/netty/netty-resolver-dns-native-macos/4.1.94.Final/netty-resolver-dns-native-macos-4.1.94.Final-osx-x86_64.jar:/Users/fvila/.m2/repository/io/netty/netty-resolver-dns-classes-macos/4.1.94.Final/netty-resolver-dns-classes-macos-4.1.94.Final.jar:/Users/fvila/.m2/repository/io/netty/netty-transport-native-epoll/4.1.94.Final/netty-transport-native-epoll-4.1.94.Final-linux-x86_64.jar:/Users/fvila/.m2/repository/io/netty/netty-transport-classes-epoll/4.1.94.Final/netty-transport-classes-epoll-4.1.94.Final.jar:/Users/fvila/.m2/repository/io/projectreactor/netty/reactor-netty-core/1.1.9/reactor-netty-core-1.1.9.jar:/Users/fvila/.m2/repository/org/springframework/spring-webflux/6.0.11/spring-webflux-6.0.11.jar:/Users/fvila/.m2/repository/org/springframework/boot/spring-boot-docker-compose/3.1.2/spring-boot-docker-compose-3.1.2.jar:/Users/fvila/.m2/repository/org/springframework/boot/spring-boot/3.1.2/spring-boot-3.1.2.jar:/Users/fvila/.m2/repository/com/fasterxml/jackson/core/jackson-databind/2.15.2/jackson-databind-2.15.2.jar:/Users/fvila/.m2/repository/com/fasterxml/jackson/module/jackson-module-parameter-names/2.15.2/jackson-module-parameter-names-2.15.2.jar:/Users/fvila/.m2/repository/org/postgresql/postgresql/42.6.0/postgresql-42.6.0.jar:/Users/fvila/.m2/repository/org/checkerframework/checker-qual/3.31.0/checker-qual-3.31.0.jar:/Users/fvila/.m2/repository/org/projectlombok/lombok/1.18.28/lombok-1.18.28.jar:/Users/fvila/.m2/repository/org/springframework/boot/spring-boot-starter-test/3.1.2/spring-boot-starter-test-3.1.2.jar:/Users/fvila/.m2/repository/org/springframework/boot/spring-boot-test/3.1.2/spring-boot-test-3.1.2.jar:/Users/fvila/.m2/repository/org/springframework/boot/spring-boot-test-autoconfigure/3.1.2/spring-boot-test-autoconfigure-3.1.2.jar:/Users/fvila/.m2/repository/com/jayway/jsonpath/json-path/2.8.0/json-path-2.8.0.jar:/Users/fvila/.m2/repository/jakarta/xml/bind/jakarta.xml.bind-api/4.0.0/jakarta.xml.bind-api-4.0.0.jar:/Users/fvila/.m2/repository/jakarta/activation/jakarta.activation-api/2.1.2/jakarta.activation-api-2.1.2.jar:/Users/fvila/.m2/repository/net/minidev/json-smart/2.4.11/json-smart-2.4.11.jar:/Users/fvila/.m2/repository/net/minidev/accessors-smart/2.4.11/accessors-smart-2.4.11.jar:/Users/fvila/.m2/repository/org/ow2/asm/asm/9.3/asm-9.3.jar:/Users/fvila/.m2/repository/org/assertj/assertj-core/3.24.2/assertj-core-3.24.2.jar:/Users/fvila/.m2/repository/org/hamcrest/hamcrest/2.2/hamcrest-2.2.jar:/Users/fvila/.m2/repository/org/junit/jupiter/junit-jupiter/5.9.3/junit-jupiter-5.9.3.jar:/Users/fvila/.m2/repository/org/junit/jupiter/junit-jupiter-api/5.9.3/junit-jupiter-api-5.9.3.jar:/Users/fvila/.m2/repository/org/opentest4j/opentest4j/1.2.0/opentest4j-1.2.0.jar:/Users/fvila/.m2/repository/org/junit/platform/junit-platform-commons/1.9.3/junit-platform-commons-1.9.3.jar:/Users/fvila/.m2/repository/org/apiguardian/apiguardian-api/1.1.2/apiguardian-api-1.1.2.jar:/Users/fvila/.m2/repository/org/junit/jupiter/junit-jupiter-params/5.9.3/junit-jupiter-params-5.9.3.jar:/Users/fvila/.m2/repository/org/junit/jupiter/junit-jupiter-engine/5.9.3/junit-jupiter-engine-5.9.3.jar:/Users/fvila/.m2/repository/org/junit/platform/junit-platform-engine/1.9.3/junit-platform-engine-1.9.3.jar:/Users/fvila/.m2/repository/org/mockito/mockito-core/5.3.1/mockito-core-5.3.1.jar:/Users/fvila/.m2/repository/net/bytebuddy/byte-buddy-agent/1.14.5/byte-buddy-agent-1.14.5.jar:/Users/fvila/.m2/repository/org/objenesis/objenesis/3.3/objenesis-3.3.jar:/Users/fvila/.m2/repository/org/mockito/mockito-junit-jupiter/5.3.1/mockito-junit-jupiter-5.3.1.jar:/Users/fvila/.m2/repository/org/skyscreamer/jsonassert/1.5.1/jsonassert-1.5.1.jar:/Users/fvila/.m2/repository/com/vaadin/external/google/android-json/0.0.20131108.vaadin1/android-json-0.0.20131108.vaadin1.jar:/Users/fvila/.m2/repository/org/springframework/spring-core/6.0.11/spring-core-6.0.11.jar:/Users/fvila/.m2/repository/org/springframework/spring-jcl/6.0.11/spring-jcl-6.0.11.jar:/Users/fvila/.m2/repository/org/springframework/spring-test/6.0.11/spring-test-6.0.11.jar:/Users/fvila/.m2/repository/org/xmlunit/xmlunit-core/2.9.1/xmlunit-core-2.9.1.jar:/Users/fvila/.m2/repository/io/projectreactor/reactor-test/3.5.8/reactor-test-3.5.8.jar:/Users/fvila/.m2/repository/io/projectreactor/reactor-core/3.5.8/reactor-core-3.5.8.jar:/Users/fvila/.m2/repository/org/reactivestreams/reactive-streams/1.0.4/reactive-streams-1.0.4.jar:/Users/fvila/.m2/repository/org/mock-server/mockserver-netty/5.15.0/mockserver-netty-5.15.0.jar:/Users/fvila/.m2/repository/org/mock-server/mockserver-core/5.15.0/mockserver-core-5.15.0.jar:/Users/fvila/.m2/repository/com/lmax/disruptor/3.4.4/disruptor-3.4.4.jar:/Users/fvila/.m2/repository/javax/servlet/javax.servlet-api/4.0.1/javax.servlet-api-4.0.1.jar:/Users/fvila/.m2/repository/io/netty/netty-codec-socks/4.1.94.Final/netty-codec-socks-4.1.94.Final.jar:/Users/fvila/.m2/repository/io/netty/netty-handler-proxy/4.1.94.Final/netty-handler-proxy-4.1.94.Final.jar:/Users/fvila/.m2/repository/com/jcraft/jzlib/1.1.3/jzlib-1.1.3.jar:/Users/fvila/.m2/repository/com/fasterxml/uuid/java-uuid-generator/4.1.0/java-uuid-generator-4.1.0.jar:/Users/fvila/.m2/repository/org/bouncycastle/bcprov-jdk18on/1.72/bcprov-jdk18on-1.72.jar:/Users/fvila/.m2/repository/org/bouncycastle/bcpkix-jdk18on/1.72/bcpkix-jdk18on-1.72.jar:/Users/fvila/.m2/repository/org/bouncycastle/bcutil-jdk18on/1.72/bcutil-jdk18on-1.72.jar:/Users/fvila/.m2/repository/com/nimbusds/nimbus-jose-jwt/9.28/nimbus-jose-jwt-9.28.jar:/Users/fvila/.m2/repository/com/github/stephenc/jcip/jcip-annotations/1.0-1/jcip-annotations-1.0-1.jar:/Users/fvila/.m2/repository/org/apache/velocity/velocity-engine-scripting/2.3/velocity-engine-scripting-2.3.jar:/Users/fvila/.m2/repository/org/apache/velocity/velocity-engine-core/2.3/velocity-engine-core-2.3.jar:/Users/fvila/.m2/repository/org/apache/velocity/tools/velocity-tools-generic/3.1/velocity-tools-generic-3.1.jar:/Users/fvila/.m2/repository/commons-beanutils/commons-beanutils/1.9.4/commons-beanutils-1.9.4.jar:/Users/fvila/.m2/repository/commons-logging/commons-logging/1.2/commons-logging-1.2.jar:/Users/fvila/.m2/repository/commons-collections/commons-collections/3.2.2/commons-collections-3.2.2.jar:/Users/fvila/.m2/repository/org/apache/commons/commons-digester3/3.2/commons-digester3-3.2.jar:/Users/fvila/.m2/repository/com/github/cliftonlabs/json-simple/3.0.2/json-simple-3.0.2.jar:/Users/fvila/.m2/repository/com/samskivert/jmustache/1.15/jmustache-1.15.jar:/Users/fvila/.m2/repository/net/javacrumbs/json-unit/json-unit-core/2.36.0/json-unit-core-2.36.0.jar:/Users/fvila/.m2/repository/org/hamcrest/hamcrest-core/2.2/hamcrest-core-2.2.jar:/Users/fvila/.m2/repository/com/networknt/json-schema-validator/1.0.76/json-schema-validator-1.0.76.jar:/Users/fvila/.m2/repository/com/ethlo/time/itu/1.7.0/itu-1.7.0.jar:/Users/fvila/.m2/repository/io/swagger/parser/v3/swagger-parser/2.1.10/swagger-parser-2.1.10.jar:/Users/fvila/.m2/repository/io/swagger/parser/v3/swagger-parser-v2-converter/2.1.10/swagger-parser-v2-converter-2.1.10.jar:/Users/fvila/.m2/repository/io/swagger/swagger-core/1.6.9/swagger-core-1.6.9.jar:/Users/fvila/.m2/repository/io/swagger/swagger-models/1.6.9/swagger-models-1.6.9.jar:/Users/fvila/.m2/repository/io/swagger/swagger-annotations/1.6.9/swagger-annotations-1.6.9.jar:/Users/fvila/.m2/repository/io/swagger/swagger-parser/1.0.64/swagger-parser-1.0.64.jar:/Users/fvila/.m2/repository/io/swagger/swagger-compat-spec-parser/1.0.64/swagger-compat-spec-parser-1.0.64.jar:/Users/fvila/.m2/repository/com/github/java-json-tools/json-schema-validator/2.2.14/json-schema-validator-2.2.14.jar:/Users/fvila/.m2/repository/com/github/java-json-tools/jackson-coreutils-equivalence/1.0/jackson-coreutils-equivalence-1.0.jar:/Users/fvila/.m2/repository/com/github/java-json-tools/json-schema-core/1.2.14/json-schema-core-1.2.14.jar:/Users/fvila/.m2/repository/com/github/java-json-tools/uri-template/0.10/uri-template-0.10.jar:/Users/fvila/.m2/repository/org/mozilla/rhino/1.7.7.2/rhino-1.7.7.2.jar:/Users/fvila/.m2/repository/com/sun/mail/mailapi/1.6.2/mailapi-1.6.2.jar:/Users/fvila/.m2/repository/joda-time/joda-time/2.10.5/joda-time-2.10.5.jar:/Users/fvila/.m2/repository/com/googlecode/libphonenumber/libphonenumber/8.11.1/libphonenumber-8.11.1.jar:/Users/fvila/.m2/repository/net/sf/jopt-simple/jopt-simple/5.0.4/jopt-simple-5.0.4.jar:/Users/fvila/.m2/repository/com/github/java-json-tools/json-patch/1.13/json-patch-1.13.jar:/Users/fvila/.m2/repository/com/github/java-json-tools/msg-simple/1.2/msg-simple-1.2.jar:/Users/fvila/.m2/repository/com/github/java-json-tools/btf/1.3/btf-1.3.jar:/Users/fvila/.m2/repository/com/github/java-json-tools/jackson-coreutils/2.0/jackson-coreutils-2.0.jar:/Users/fvila/.m2/repository/com/github/java-json-tools/jackson-coreutils/jackson-coreutils/2.0/jackson-coreutils-2.0.jar:/Users/fvila/.m2/repository/com/github/java-json-tools/jackson-coreutils/jackson-coreutils-equivalence/2.0/jackson-coreutils-equivalence-2.0.jar:/Users/fvila/.m2/repository/org/apache/httpcomponents/httpclient/4.5.13/httpclient-4.5.13.jar:/Users/fvila/.m2/repository/org/apache/httpcomponents/httpcore/4.4.16/httpcore-4.4.16.jar:/Users/fvila/.m2/repository/io/swagger/core/v3/swagger-models/2.2.8/swagger-models-2.2.8.jar:/Users/fvila/.m2/repository/io/swagger/parser/v3/swagger-parser-core/2.1.10/swagger-parser-core-2.1.10.jar:/Users/fvila/.m2/repository/io/swagger/parser/v3/swagger-parser-v3/2.1.10/swagger-parser-v3-2.1.10.jar:/Users/fvila/.m2/repository/io/swagger/core/v3/swagger-core/2.2.8/swagger-core-2.2.8.jar:/Users/fvila/.m2/repository/io/swagger/core/v3/swagger-annotations/2.2.8/swagger-annotations-2.2.8.jar:/Users/fvila/.m2/repository/com/fasterxml/jackson/dataformat/jackson-dataformat-yaml/2.15.2/jackson-dataformat-yaml-2.15.2.jar:/Users/fvila/.m2/repository/com/sun/xml/bind/jaxb-impl/4.0.3/jaxb-impl-4.0.3.jar:/Users/fvila/.m2/repository/com/sun/xml/bind/jaxb-core/4.0.3/jaxb-core-4.0.3.jar:/Users/fvila/.m2/repository/org/xmlunit/xmlunit-placeholders/2.9.1/xmlunit-placeholders-2.9.1.jar:/Users/fvila/.m2/repository/org/apache/commons/commons-text/1.10.0/commons-text-1.10.0.jar:/Users/fvila/.m2/repository/commons-codec/commons-codec/1.15/commons-codec-1.15.jar:/Users/fvila/.m2/repository/io/github/classgraph/classgraph/4.8.154/classgraph-4.8.154.jar:/Users/fvila/.m2/repository/io/prometheus/simpleclient/0.16.0/simpleclient-0.16.0.jar:/Users/fvila/.m2/repository/io/prometheus/simpleclient_tracer_otel/0.16.0/simpleclient_tracer_otel-0.16.0.jar:/Users/fvila/.m2/repository/io/prometheus/simpleclient_tracer_common/0.16.0/simpleclient_tracer_common-0.16.0.jar:/Users/fvila/.m2/repository/io/prometheus/simpleclient_tracer_otel_agent/0.16.0/simpleclient_tracer_otel_agent-0.16.0.jar:/Users/fvila/.m2/repository/io/prometheus/simpleclient_httpserver/0.16.0/simpleclient_httpserver-0.16.0.jar:/Users/fvila/.m2/repository/io/prometheus/simpleclient_common/0.16.0/simpleclient_common-0.16.0.jar:/Users/fvila/.m2/repository/io/netty/netty-buffer/4.1.94.Final/netty-buffer-4.1.94.Final.jar:/Users/fvila/.m2/repository/io/netty/netty-codec/4.1.94.Final/netty-codec-4.1.94.Final.jar:/Users/fvila/.m2/repository/io/netty/netty-codec-http/4.1.94.Final/netty-codec-http-4.1.94.Final.jar:/Users/fvila/.m2/repository/io/netty/netty-codec-http2/4.1.94.Final/netty-codec-http2-4.1.94.Final.jar:/Users/fvila/.m2/repository/io/netty/netty-common/4.1.94.Final/netty-common-4.1.94.Final.jar:/Users/fvila/.m2/repository/io/netty/netty-handler/4.1.94.Final/netty-handler-4.1.94.Final.jar:/Users/fvila/.m2/repository/io/netty/netty-resolver/4.1.94.Final/netty-resolver-4.1.94.Final.jar:/Users/fvila/.m2/repository/io/netty/netty-transport-native-unix-common/4.1.94.Final/netty-transport-native-unix-common-4.1.94.Final.jar:/Users/fvila/.m2/repository/io/netty/netty-transport/4.1.94.Final/netty-transport-4.1.94.Final.jar:/Users/fvila/.m2/repository/io/netty/netty-tcnative-boringssl-static/2.0.61.Final/netty-tcnative-boringssl-static-2.0.61.Final.jar:/Users/fvila/.m2/repository/io/netty/netty-tcnative-classes/2.0.61.Final/netty-tcnative-classes-2.0.61.Final.jar:/Users/fvila/.m2/repository/io/netty/netty-tcnative-boringssl-static/2.0.61.Final/netty-tcnative-boringssl-static-2.0.61.Final-linux-x86_64.jar:/Users/fvila/.m2/repository/io/netty/netty-tcnative-boringssl-static/2.0.61.Final/netty-tcnative-boringssl-static-2.0.61.Final-linux-aarch_64.jar:/Users/fvila/.m2/repository/io/netty/netty-tcnative-boringssl-static/2.0.61.Final/netty-tcnative-boringssl-static-2.0.61.Final-osx-x86_64.jar:/Users/fvila/.m2/repository/io/netty/netty-tcnative-boringssl-static/2.0.61.Final/netty-tcnative-boringssl-static-2.0.61.Final-osx-aarch_64.jar:/Users/fvila/.m2/repository/io/netty/netty-tcnative-boringssl-static/2.0.61.Final/netty-tcnative-boringssl-static-2.0.61.Final-windows-x86_64.jar:/Users/fvila/.m2/repository/commons-io/commons-io/2.11.0/commons-io-2.11.0.jar:/Users/fvila/.m2/repository/com/google/guava/guava/31.1-jre/guava-31.1-jre.jar:/Users/fvila/.m2/repository/com/google/guava/failureaccess/1.0.1/failureaccess-1.0.1.jar:/Users/fvila/.m2/repository/com/google/guava/listenablefuture/9999.0-empty-to-avoid-conflict-with-guava/listenablefuture-9999.0-empty-to-avoid-conflict-with-guava.jar:/Users/fvila/.m2/repository/com/google/code/findbugs/jsr305/3.0.2/jsr305-3.0.2.jar:/Users/fvila/.m2/repository/com/google/errorprone/error_prone_annotations/2.11.0/error_prone_annotations-2.11.0.jar:/Users/fvila/.m2/repository/com/google/j2objc/j2objc-annotations/1.3/j2objc-annotations-1.3.jar:/Users/fvila/.m2/repository/org/slf4j/slf4j-api/2.0.7/slf4j-api-2.0.7.jar:/Users/fvila/.m2/repository/org/mock-server/mockserver-client-java/5.15.0/mockserver-client-java-5.15.0.jar:/Users/fvila/.m2/repository/org/apache/commons/commons-lang3/3.12.0/commons-lang3-3.12.0.jar:/Users/fvila/.m2/repository/org/springframework/boot/spring-boot-starter-data-redis-reactive/3.1.2/spring-boot-starter-data-redis-reactive-3.1.2.jar:/Users/fvila/.m2/repository/org/springframework/boot/spring-boot-starter-data-redis/3.1.2/spring-boot-starter-data-redis-3.1.2.jar:/Users/fvila/.m2/repository/org/springframework/data/spring-data-redis/3.1.2/spring-data-redis-3.1.2.jar:/Users/fvila/.m2/repository/org/springframework/data/spring-data-keyvalue/3.1.2/spring-data-keyvalue-3.1.2.jar:/Users/fvila/.m2/repository/org/springframework/spring-oxm/6.0.11/spring-oxm-6.0.11.jar:/Users/fvila/.m2/repository/org/springframework/spring-context-support/6.0.11/spring-context-support-6.0.11.jar:/Users/fvila/.m2/repository/io/lettuce/lettuce-core/6.2.5.RELEASE/lettuce-core-6.2.5.RELEASE.jar:/Users/fvila/.m2/repository/com/fasterxml/jackson/datatype/jackson-datatype-jsr310/2.15.2/jackson-datatype-jsr310-2.15.2.jar:/Users/fvila/.m2/repository/com/fasterxml/jackson/core/jackson-annotations/2.15.2/jackson-annotations-2.15.2.jar:/Users/fvila/.m2/repository/com/fasterxml/jackson/core/jackson-core/2.15.2/jackson-core-2.15.2.jar:/Users/fvila/.m2/repository/org/hibernate/validator/hibernate-validator/7.0.1.Final/hibernate-validator-7.0.1.Final.jar:/Users/fvila/.m2/repository/jakarta/validation/jakarta.validation-api/3.0.2/jakarta.validation-api-3.0.2.jar:/Users/fvila/.m2/repository/org/jboss/logging/jboss-logging/3.5.3.Final/jboss-logging-3.5.3.Final.jar:/Users/fvila/.m2/repository/com/fasterxml/classmate/1.5.1/classmate-1.5.1.jar:/Users/fvila/.m2/repository/org/modelmapper/modelmapper/3.1.1/modelmapper-3.1.1.jar:"/>
    <property name="sun.cpu.endian" value="little"/>
    <property name="user.home" value="/Users/fvila"/>
    <property name="user.language" value="en"/>
    <property name="java.specification.vendor" value="Oracle Corporation"/>
    <property name="java.version.date" value="2022-03-22"/>
    <property name="java.home" value="/Users/fvila/.sdkman/candidates/java/18-zulu/zulu-18.jdk/Contents/Home"/>
    <property name="file.separator" value="/"/>
    <property name="basedir" value="/Users/fvila/workspace/tenpo-challenge"/>
    <property name="java.vm.compressedOopsMode" value="Zero based"/>
    <property name="line.separator" value="&#10;"/>
    <property name="java.vm.specification.vendor" value="Oracle Corporation"/>
    <property name="java.specification.name" value="Java Platform API Specification"/>
    <property name="apple.awt.application.name" value="ForkedBooter"/>
    <property name="surefire.real.class.path" value="/Users/fvila/workspace/tenpo-challenge/target/surefire/surefirebooter-20230728132528694_3.jar"/>
    <property name="sun.management.compiler" value="HotSpot 64-Bit Tiered Compilers"/>
    <property name="ftp.nonProxyHosts" value="local|*.local|169.254/16|*.169.254/16"/>
    <property name="java.runtime.version" value="18+37"/>
    <property name="user.name" value="fvila"/>
    <property name="path.separator" value=":"/>
    <property name="os.version" value="13.4.1"/>
    <property name="java.runtime.name" value="OpenJDK Runtime Environment"/>
    <property name="file.encoding" value="UTF-8"/>
    <property name="java.vm.name" value="OpenJDK 64-Bit Server VM"/>
    <property name="java.vendor.version" value="Zulu18.28+13-CA"/>
    <property name="localRepository" value="/Users/fvila/.m2/repository"/>
    <property name="java.vendor.url.bug" value="http://www.azul.com/support/"/>
    <property name="java.io.tmpdir" value="/var/folders/r4/xccr47l571bg69ltlwl8qznh0000gn/T/"/>
    <property name="java.version" value="18"/>
    <property name="user.dir" value="/Users/fvila/workspace/tenpo-challenge"/>
    <property name="os.arch" value="x86_64"/>
    <property name="java.vm.specification.name" value="Java Virtual Machine Specification"/>
    <property name="native.encoding" value="UTF-8"/>
    <property name="java.library.path" value="/Users/fvila/Library/Java/Extensions:/Library/Java/Extensions:/Network/Library/Java/Extensions:/System/Library/Java/Extensions:/usr/lib/java:."/>
    <property name="java.vm.info" value="mixed mode, sharing"/>
    <property name="java.vendor" value="Azul Systems, Inc."/>
    <property name="java.vm.version" value="18+37"/>
    <property name="sun.io.unicode.encoding" value="UnicodeBig"/>
    <property name="socksNonProxyHosts" value="local|*.local|169.254/16|*.169.254/16"/>
    <property name="java.class.version" value="62.0"/>
  </properties>
  <testcase name="testFindAllCalculations" classname="com.tenpo.challenge.service.PercentageCalculatorServiceTest" time="1.369"/>
  <testcase name="testCalculatePercentage" classname="com.tenpo.challenge.service.PercentageCalculatorServiceTest" time="0.122">
    <system-out><![CDATA[13:25:34.515 [main] INFO com.tenpo.challenge.client.ExternalPercentageClient -- Searching percentage from cache.
13:25:34.567 [main] INFO com.tenpo.challenge.client.ExternalPercentageClient -- Percentage isn't founded in the cache.
13:25:34.571 [main] INFO com.tenpo.challenge.client.ExternalPercentageClient -- Storing into cache the following percentage 10.0 with 30 minutes of duration.
]]></system-out>
  </testcase>
</testsuite>